[  0%] Built target std_msgs_generate_messages_eus
[  0%] Built target _actionlib_tutorials_generate_messages_check_deps_FibonacciActionResult
[  0%] Built target _actionlib_tutorials_generate_messages_check_deps_FibonacciActionGoal
[  0%] Built target _actionlib_tutorials_generate_messages_check_deps_FibonacciAction
[  0%] Built target _actionlib_tutorials_generate_messages_check_deps_FibonacciActionFeedback
[  0%] Built target actionlib_msgs_generate_messages_eus
[  0%] Built target std_msgs_generate_messages_py
[  0%] Built target _actionlib_tutorials_generate_messages_check_deps_FibonacciGoal
[  0%] Built target _actionlib_tutorials_generate_messages_check_deps_FibonacciResult
[  0%] Built target actionlib_msgs_generate_messages_py
[  0%] Built target actionlib_msgs_generate_messages_cpp
[  0%] Built target std_msgs_generate_messages_cpp
[  0%] Built target _actionlib_tutorials_generate_messages_check_deps_FibonacciFeedback
[  0%] Built target std_msgs_generate_messages_lisp
[  0%] Built target actionlib_msgs_generate_messages_lisp
[  0%] Built target actionlib_msgs_generate_messages_nodejs
[  0%] Built target std_msgs_generate_messages_nodejs
[ 20%] Built target actionlib_tutorials_generate_messages_eus
[ 41%] Built target actionlib_tutorials_generate_messages_py
[ 58%] Built target actionlib_tutorials_generate_messages_cpp
[ 76%] Built target actionlib_tutorials_generate_messages_lisp
[ 94%] Built target actionlib_tutorials_generate_messages_nodejs
[35m[1mScanning dependencies of target fibonacci_server[0m
[ 94%] Built target actionlib_tutorials_generate_messages
[ 97%] [32mBuilding CXX object CMakeFiles/fibonacci_server.dir/src/fibonacci_server.cpp.o[0m
[01m[K/home/ola/rostut_wss/simple_ws/src/actionlib_tutorials/src/fibonacci_server.cpp:[m[K In function ‘[01m[Kint main(int, char**)[m[K’:
[01m[K/home/ola/rostut_wss/simple_ws/src/actionlib_tutorials/src/fibonacci_server.cpp:80:31:[m[K [01;31m[Kerror: [m[K‘[01m[Kendl[m[K’ was not declared in this scope
   std::cout << "finished " << endl;
[01;32m[K                               ^[m[K
[01m[K/home/ola/rostut_wss/simple_ws/src/actionlib_tutorials/src/fibonacci_server.cpp:80:31:[m[K [01;36m[Knote: [m[Ksuggested alternative:
In file included from [01m[K/usr/include/c++/5/iostream:39:0[m[K,
                 from [01m[K/opt/ros/kinetic/include/ros/time.h:54[m[K,
                 from [01m[K/opt/ros/kinetic/include/ros/ros.h:38[m[K,
                 from [01m[K/home/ola/rostut_wss/simple_ws/src/actionlib_tutorials/src/fibonacci_server.cpp:1[m[K:
[01m[K/usr/include/c++/5/ostream:590:5:[m[K [01;36m[Knote: [m[K  ‘[01m[Kstd::endl[m[K’
     endl(basic_ostream<_CharT, _Traits>& __os)
[01;32m[K     ^[m[K
CMakeFiles/fibonacci_server.dir/build.make:62: recipe for target 'CMakeFiles/fibonacci_server.dir/src/fibonacci_server.cpp.o' failed
make[2]: *** [CMakeFiles/fibonacci_server.dir/src/fibonacci_server.cpp.o] Error 1
CMakeFiles/Makefile2:71: recipe for target 'CMakeFiles/fibonacci_server.dir/all' failed
make[1]: *** [CMakeFiles/fibonacci_server.dir/all] Error 2
Makefile:138: recipe for target 'all' failed
make: *** [all] Error 2
