[36m--[0m Using CATKIN_DEVEL_PREFIX: /home/ola/rostut_wss/simple_ws/devel/.private/actionlib_tutorials
[36m--[0m Using CMAKE_PREFIX_PATH: /home/ola/rostut_wss/simple_ws/devel;/opt/ros/kinetic
[36m--[0m This workspace overlays: /home/ola/rostut_wss/simple_ws/devel;/opt/ros/kinetic
[36m--[0m Found PythonInterp: /usr/bin/python2 (found suitable version "2.7.12", minimum required is "2")
[36m--[0m Using PYTHON_EXECUTABLE: /usr/bin/python2
[36m--[0m Using Debian Python package layout
[36m--[0m Using empy: /usr/bin/empy
[36m--[0m Using CATKIN_ENABLE_TESTING: ON
[36m--[0m Call enable_testing()
[36m--[0m Using CATKIN_TEST_RESULTS_DIR: /home/ola/rostut_wss/simple_ws/build/actionlib_tutorials/test_results
[36m--[0m Found gtest sources under '/usr/src/gmock': gtests will be built
[36m--[0m Found gmock sources under '/usr/src/gmock': gmock will be built
[36m--[0m Found PythonInterp: /usr/bin/python2 (found version "2.7.12")
[36m--[0m Using Python nosetests: /usr/bin/nosetests-2.7
[36m--[0m catkin 0.7.20
[36m--[0m BUILD_SHARED_LIBS is on
[36m--[0m Using these message generators: gencpp;geneus;genlisp;gennodejs;genpy
[36m--[0m Boost version: 1.58.0
[36m--[0m Found the following Boost libraries:
[36m--[0m   system
[36m--[0m Generating .msg files for action actionlib_tutorials/Fibonacci /home/ola/rostut_wss/simple_ws/src/actionlib_tutorials/action/Fibonacci.action
[36m--[0m actionlib_tutorials: 7 messages, 0 services
[36m--[0m Configuring done
[31m[1mCMake Error[0m at /home/ola/rostut_wss/simple_ws/src/actionlib_tutorials/CMakeLists.txt:22 (add_executable):
  Cannot find source file:

    fibonacci_client

  Tried extensions .c .C .c++ .cc .cpp .cxx .m .M .mm .h .hh .h++ .hm .hpp
  .hxx .in .txx


CMake Warning (dev) at CMakeLists.txt:33 (add_dependencies):
  Policy CMP0046 is not set: Error on non-existent dependency in
  add_dependencies.  Run "cmake --help-policy CMP0046" for policy details.
  Use the cmake_policy command to set the policy and suppress this warning.

  The dependency target "fibonacci_client" of target "fibonacci_server" does
  not exist.
This warning is for project developers.  Use -Wno-dev to suppress it.

CMake Error: CMake can not determine linker language for target: fibonacci_server
CMake Error: Cannot determine link language for target "fibonacci_server".
[36m--[0m Generating done
[36m--[0m Build files have been written to: /home/ola/rostut_wss/simple_ws/build/actionlib_tutorials
Makefile:964: recipe for target 'cmake_check_build_system' failed
make: *** [cmake_check_build_system] Error 1
