Linked: (/home/ola/rostut_wss/simple_ws/devel/.private/actionlib_tutorials/include/actionlib_tutorials/FibonacciActionFeedback.h, /home/ola/rostut_wss/simple_ws/devel/include/actionlib_tutorials/FibonacciActionFeedback.h)
Linked: (/home/ola/rostut_wss/simple_ws/devel/.private/actionlib_tutorials/include/actionlib_tutorials/FibonacciFeedback.h, /home/ola/rostut_wss/simple_ws/devel/include/actionlib_tutorials/FibonacciFeedback.h)
Linked: (/home/ola/rostut_wss/simple_ws/devel/.private/actionlib_tutorials/include/actionlib_tutorials/FibonacciActionGoal.h, /home/ola/rostut_wss/simple_ws/devel/include/actionlib_tutorials/FibonacciActionGoal.h)
Linked: (/home/ola/rostut_wss/simple_ws/devel/.private/actionlib_tutorials/include/actionlib_tutorials/FibonacciAction.h, /home/ola/rostut_wss/simple_ws/devel/include/actionlib_tutorials/FibonacciAction.h)
Linked: (/home/ola/rostut_wss/simple_ws/devel/.private/actionlib_tutorials/include/actionlib_tutorials/FibonacciActionResult.h, /home/ola/rostut_wss/simple_ws/devel/include/actionlib_tutorials/FibonacciActionResult.h)
Linked: (/home/ola/rostut_wss/simple_ws/devel/.private/actionlib_tutorials/include/actionlib_tutorials/FibonacciGoal.h, /home/ola/rostut_wss/simple_ws/devel/include/actionlib_tutorials/FibonacciGoal.h)
Linked: (/home/ola/rostut_wss/simple_ws/devel/.private/actionlib_tutorials/include/actionlib_tutorials/FibonacciResult.h, /home/ola/rostut_wss/simple_ws/devel/include/actionlib_tutorials/FibonacciResult.h)
Linked: (/home/ola/rostut_wss/simple_ws/devel/.private/actionlib_tutorials/lib/actionlib_tutorials/fibonacci_server, /home/ola/rostut_wss/simple_ws/devel/lib/actionlib_tutorials/fibonacci_server)
Linked: (/home/ola/rostut_wss/simple_ws/devel/.private/actionlib_tutorials/lib/pkgconfig/actionlib_tutorials.pc, /home/ola/rostut_wss/simple_ws/devel/lib/pkgconfig/actionlib_tutorials.pc)
Linked: (/home/ola/rostut_wss/simple_ws/devel/.private/actionlib_tutorials/lib/python2.7/dist-packages/actionlib_tutorials/__init__.py, /home/ola/rostut_wss/simple_ws/devel/lib/python2.7/dist-packages/actionlib_tutorials/__init__.py)
Linked: (/home/ola/rostut_wss/simple_ws/devel/.private/actionlib_tutorials/lib/python2.7/dist-packages/actionlib_tutorials/msg/_FibonacciActionResult.py, /home/ola/rostut_wss/simple_ws/devel/lib/python2.7/dist-packages/actionlib_tutorials/msg/_FibonacciActionResult.py)
Linked: (/home/ola/rostut_wss/simple_ws/devel/.private/actionlib_tutorials/lib/python2.7/dist-packages/actionlib_tutorials/msg/_FibonacciActionFeedback.py, /home/ola/rostut_wss/simple_ws/devel/lib/python2.7/dist-packages/actionlib_tutorials/msg/_FibonacciActionFeedback.py)
Linked: (/home/ola/rostut_wss/simple_ws/devel/.private/actionlib_tutorials/lib/python2.7/dist-packages/actionlib_tutorials/msg/_FibonacciFeedback.py, /home/ola/rostut_wss/simple_ws/devel/lib/python2.7/dist-packages/actionlib_tutorials/msg/_FibonacciFeedback.py)
Linked: (/home/ola/rostut_wss/simple_ws/devel/.private/actionlib_tutorials/lib/python2.7/dist-packages/actionlib_tutorials/msg/_FibonacciAction.py, /home/ola/rostut_wss/simple_ws/devel/lib/python2.7/dist-packages/actionlib_tutorials/msg/_FibonacciAction.py)
Linked: (/home/ola/rostut_wss/simple_ws/devel/.private/actionlib_tutorials/lib/python2.7/dist-packages/actionlib_tutorials/msg/_FibonacciResult.py, /home/ola/rostut_wss/simple_ws/devel/lib/python2.7/dist-packages/actionlib_tutorials/msg/_FibonacciResult.py)
Linked: (/home/ola/rostut_wss/simple_ws/devel/.private/actionlib_tutorials/lib/python2.7/dist-packages/actionlib_tutorials/msg/_FibonacciGoal.py, /home/ola/rostut_wss/simple_ws/devel/lib/python2.7/dist-packages/actionlib_tutorials/msg/_FibonacciGoal.py)
Linked: (/home/ola/rostut_wss/simple_ws/devel/.private/actionlib_tutorials/lib/python2.7/dist-packages/actionlib_tutorials/msg/_FibonacciActionGoal.py, /home/ola/rostut_wss/simple_ws/devel/lib/python2.7/dist-packages/actionlib_tutorials/msg/_FibonacciActionGoal.py)
Linked: (/home/ola/rostut_wss/simple_ws/devel/.private/actionlib_tutorials/lib/python2.7/dist-packages/actionlib_tutorials/msg/__init__.py, /home/ola/rostut_wss/simple_ws/devel/lib/python2.7/dist-packages/actionlib_tutorials/msg/__init__.py)
Linked: (/home/ola/rostut_wss/simple_ws/devel/.private/actionlib_tutorials/share/actionlib_tutorials/msg/FibonacciActionFeedback.msg, /home/ola/rostut_wss/simple_ws/devel/share/actionlib_tutorials/msg/FibonacciActionFeedback.msg)
Linked: (/home/ola/rostut_wss/simple_ws/devel/.private/actionlib_tutorials/share/actionlib_tutorials/msg/FibonacciAction.msg, /home/ola/rostut_wss/simple_ws/devel/share/actionlib_tutorials/msg/FibonacciAction.msg)
Linked: (/home/ola/rostut_wss/simple_ws/devel/.private/actionlib_tutorials/share/actionlib_tutorials/msg/FibonacciFeedback.msg, /home/ola/rostut_wss/simple_ws/devel/share/actionlib_tutorials/msg/FibonacciFeedback.msg)
Linked: (/home/ola/rostut_wss/simple_ws/devel/.private/actionlib_tutorials/share/actionlib_tutorials/msg/FibonacciResult.msg, /home/ola/rostut_wss/simple_ws/devel/share/actionlib_tutorials/msg/FibonacciResult.msg)
Linked: (/home/ola/rostut_wss/simple_ws/devel/.private/actionlib_tutorials/share/actionlib_tutorials/msg/FibonacciGoal.msg, /home/ola/rostut_wss/simple_ws/devel/share/actionlib_tutorials/msg/FibonacciGoal.msg)
Linked: (/home/ola/rostut_wss/simple_ws/devel/.private/actionlib_tutorials/share/actionlib_tutorials/msg/FibonacciActionGoal.msg, /home/ola/rostut_wss/simple_ws/devel/share/actionlib_tutorials/msg/FibonacciActionGoal.msg)
Linked: (/home/ola/rostut_wss/simple_ws/devel/.private/actionlib_tutorials/share/actionlib_tutorials/msg/FibonacciActionResult.msg, /home/ola/rostut_wss/simple_ws/devel/share/actionlib_tutorials/msg/FibonacciActionResult.msg)
Linked: (/home/ola/rostut_wss/simple_ws/devel/.private/actionlib_tutorials/share/actionlib_tutorials/cmake/actionlib_tutorials-msg-paths.cmake, /home/ola/rostut_wss/simple_ws/devel/share/actionlib_tutorials/cmake/actionlib_tutorials-msg-paths.cmake)
Linked: (/home/ola/rostut_wss/simple_ws/devel/.private/actionlib_tutorials/share/actionlib_tutorials/cmake/actionlib_tutorialsConfig.cmake, /home/ola/rostut_wss/simple_ws/devel/share/actionlib_tutorials/cmake/actionlib_tutorialsConfig.cmake)
Linked: (/home/ola/rostut_wss/simple_ws/devel/.private/actionlib_tutorials/share/actionlib_tutorials/cmake/actionlib_tutorialsConfig-version.cmake, /home/ola/rostut_wss/simple_ws/devel/share/actionlib_tutorials/cmake/actionlib_tutorialsConfig-version.cmake)
Linked: (/home/ola/rostut_wss/simple_ws/devel/.private/actionlib_tutorials/share/actionlib_tutorials/cmake/actionlib_tutorials-msg-extras.cmake, /home/ola/rostut_wss/simple_ws/devel/share/actionlib_tutorials/cmake/actionlib_tutorials-msg-extras.cmake)
Linked: (/home/ola/rostut_wss/simple_ws/devel/.private/actionlib_tutorials/share/roseus/ros/actionlib_tutorials/manifest.l, /home/ola/rostut_wss/simple_ws/devel/share/roseus/ros/actionlib_tutorials/manifest.l)
Linked: (/home/ola/rostut_wss/simple_ws/devel/.private/actionlib_tutorials/share/roseus/ros/actionlib_tutorials/msg/FibonacciActionResult.l, /home/ola/rostut_wss/simple_ws/devel/share/roseus/ros/actionlib_tutorials/msg/FibonacciActionResult.l)
Linked: (/home/ola/rostut_wss/simple_ws/devel/.private/actionlib_tutorials/share/roseus/ros/actionlib_tutorials/msg/FibonacciResult.l, /home/ola/rostut_wss/simple_ws/devel/share/roseus/ros/actionlib_tutorials/msg/FibonacciResult.l)
Linked: (/home/ola/rostut_wss/simple_ws/devel/.private/actionlib_tutorials/share/roseus/ros/actionlib_tutorials/msg/FibonacciActionFeedback.l, /home/ola/rostut_wss/simple_ws/devel/share/roseus/ros/actionlib_tutorials/msg/FibonacciActionFeedback.l)
Linked: (/home/ola/rostut_wss/simple_ws/devel/.private/actionlib_tutorials/share/roseus/ros/actionlib_tutorials/msg/FibonacciAction.l, /home/ola/rostut_wss/simple_ws/devel/share/roseus/ros/actionlib_tutorials/msg/FibonacciAction.l)
Linked: (/home/ola/rostut_wss/simple_ws/devel/.private/actionlib_tutorials/share/roseus/ros/actionlib_tutorials/msg/FibonacciGoal.l, /home/ola/rostut_wss/simple_ws/devel/share/roseus/ros/actionlib_tutorials/msg/FibonacciGoal.l)
Linked: (/home/ola/rostut_wss/simple_ws/devel/.private/actionlib_tutorials/share/roseus/ros/actionlib_tutorials/msg/FibonacciActionGoal.l, /home/ola/rostut_wss/simple_ws/devel/share/roseus/ros/actionlib_tutorials/msg/FibonacciActionGoal.l)
Linked: (/home/ola/rostut_wss/simple_ws/devel/.private/actionlib_tutorials/share/roseus/ros/actionlib_tutorials/msg/FibonacciFeedback.l, /home/ola/rostut_wss/simple_ws/devel/share/roseus/ros/actionlib_tutorials/msg/FibonacciFeedback.l)
Linked: (/home/ola/rostut_wss/simple_ws/devel/.private/actionlib_tutorials/share/gennodejs/ros/actionlib_tutorials/_index.js, /home/ola/rostut_wss/simple_ws/devel/share/gennodejs/ros/actionlib_tutorials/_index.js)
Linked: (/home/ola/rostut_wss/simple_ws/devel/.private/actionlib_tutorials/share/gennodejs/ros/actionlib_tutorials/msg/FibonacciResult.js, /home/ola/rostut_wss/simple_ws/devel/share/gennodejs/ros/actionlib_tutorials/msg/FibonacciResult.js)
Linked: (/home/ola/rostut_wss/simple_ws/devel/.private/actionlib_tutorials/share/gennodejs/ros/actionlib_tutorials/msg/FibonacciAction.js, /home/ola/rostut_wss/simple_ws/devel/share/gennodejs/ros/actionlib_tutorials/msg/FibonacciAction.js)
Linked: (/home/ola/rostut_wss/simple_ws/devel/.private/actionlib_tutorials/share/gennodejs/ros/actionlib_tutorials/msg/FibonacciActionFeedback.js, /home/ola/rostut_wss/simple_ws/devel/share/gennodejs/ros/actionlib_tutorials/msg/FibonacciActionFeedback.js)
Linked: (/home/ola/rostut_wss/simple_ws/devel/.private/actionlib_tutorials/share/gennodejs/ros/actionlib_tutorials/msg/FibonacciActionGoal.js, /home/ola/rostut_wss/simple_ws/devel/share/gennodejs/ros/actionlib_tutorials/msg/FibonacciActionGoal.js)
Linked: (/home/ola/rostut_wss/simple_ws/devel/.private/actionlib_tutorials/share/gennodejs/ros/actionlib_tutorials/msg/FibonacciActionResult.js, /home/ola/rostut_wss/simple_ws/devel/share/gennodejs/ros/actionlib_tutorials/msg/FibonacciActionResult.js)
Linked: (/home/ola/rostut_wss/simple_ws/devel/.private/actionlib_tutorials/share/gennodejs/ros/actionlib_tutorials/msg/FibonacciGoal.js, /home/ola/rostut_wss/simple_ws/devel/share/gennodejs/ros/actionlib_tutorials/msg/FibonacciGoal.js)
Linked: (/home/ola/rostut_wss/simple_ws/devel/.private/actionlib_tutorials/share/gennodejs/ros/actionlib_tutorials/msg/FibonacciFeedback.js, /home/ola/rostut_wss/simple_ws/devel/share/gennodejs/ros/actionlib_tutorials/msg/FibonacciFeedback.js)
Linked: (/home/ola/rostut_wss/simple_ws/devel/.private/actionlib_tutorials/share/gennodejs/ros/actionlib_tutorials/msg/_index.js, /home/ola/rostut_wss/simple_ws/devel/share/gennodejs/ros/actionlib_tutorials/msg/_index.js)
Linked: (/home/ola/rostut_wss/simple_ws/devel/.private/actionlib_tutorials/share/common-lisp/ros/actionlib_tutorials/msg/_package.lisp, /home/ola/rostut_wss/simple_ws/devel/share/common-lisp/ros/actionlib_tutorials/msg/_package.lisp)
Linked: (/home/ola/rostut_wss/simple_ws/devel/.private/actionlib_tutorials/share/common-lisp/ros/actionlib_tutorials/msg/actionlib_tutorials-msg.asd, /home/ola/rostut_wss/simple_ws/devel/share/common-lisp/ros/actionlib_tutorials/msg/actionlib_tutorials-msg.asd)
Linked: (/home/ola/rostut_wss/simple_ws/devel/.private/actionlib_tutorials/share/common-lisp/ros/actionlib_tutorials/msg/FibonacciGoal.lisp, /home/ola/rostut_wss/simple_ws/devel/share/common-lisp/ros/actionlib_tutorials/msg/FibonacciGoal.lisp)
Linked: (/home/ola/rostut_wss/simple_ws/devel/.private/actionlib_tutorials/share/common-lisp/ros/actionlib_tutorials/msg/_package_FibonacciFeedback.lisp, /home/ola/rostut_wss/simple_ws/devel/share/common-lisp/ros/actionlib_tutorials/msg/_package_FibonacciFeedback.lisp)
Linked: (/home/ola/rostut_wss/simple_ws/devel/.private/actionlib_tutorials/share/common-lisp/ros/actionlib_tutorials/msg/FibonacciActionFeedback.lisp, /home/ola/rostut_wss/simple_ws/devel/share/common-lisp/ros/actionlib_tutorials/msg/FibonacciActionFeedback.lisp)
Linked: (/home/ola/rostut_wss/simple_ws/devel/.private/actionlib_tutorials/share/common-lisp/ros/actionlib_tutorials/msg/_package_FibonacciActionFeedback.lisp, /home/ola/rostut_wss/simple_ws/devel/share/common-lisp/ros/actionlib_tutorials/msg/_package_FibonacciActionFeedback.lisp)
Linked: (/home/ola/rostut_wss/simple_ws/devel/.private/actionlib_tutorials/share/common-lisp/ros/actionlib_tutorials/msg/_package_FibonacciActionResult.lisp, /home/ola/rostut_wss/simple_ws/devel/share/common-lisp/ros/actionlib_tutorials/msg/_package_FibonacciActionResult.lisp)
Linked: (/home/ola/rostut_wss/simple_ws/devel/.private/actionlib_tutorials/share/common-lisp/ros/actionlib_tutorials/msg/FibonacciFeedback.lisp, /home/ola/rostut_wss/simple_ws/devel/share/common-lisp/ros/actionlib_tutorials/msg/FibonacciFeedback.lisp)
Linked: (/home/ola/rostut_wss/simple_ws/devel/.private/actionlib_tutorials/share/common-lisp/ros/actionlib_tutorials/msg/_package_FibonacciAction.lisp, /home/ola/rostut_wss/simple_ws/devel/share/common-lisp/ros/actionlib_tutorials/msg/_package_FibonacciAction.lisp)
Linked: (/home/ola/rostut_wss/simple_ws/devel/.private/actionlib_tutorials/share/common-lisp/ros/actionlib_tutorials/msg/FibonacciAction.lisp, /home/ola/rostut_wss/simple_ws/devel/share/common-lisp/ros/actionlib_tutorials/msg/FibonacciAction.lisp)
Linked: (/home/ola/rostut_wss/simple_ws/devel/.private/actionlib_tutorials/share/common-lisp/ros/actionlib_tutorials/msg/FibonacciActionResult.lisp, /home/ola/rostut_wss/simple_ws/devel/share/common-lisp/ros/actionlib_tutorials/msg/FibonacciActionResult.lisp)
Linked: (/home/ola/rostut_wss/simple_ws/devel/.private/actionlib_tutorials/share/common-lisp/ros/actionlib_tutorials/msg/FibonacciResult.lisp, /home/ola/rostut_wss/simple_ws/devel/share/common-lisp/ros/actionlib_tutorials/msg/FibonacciResult.lisp)
Linked: (/home/ola/rostut_wss/simple_ws/devel/.private/actionlib_tutorials/share/common-lisp/ros/actionlib_tutorials/msg/_package_FibonacciActionGoal.lisp, /home/ola/rostut_wss/simple_ws/devel/share/common-lisp/ros/actionlib_tutorials/msg/_package_FibonacciActionGoal.lisp)
Linked: (/home/ola/rostut_wss/simple_ws/devel/.private/actionlib_tutorials/share/common-lisp/ros/actionlib_tutorials/msg/_package_FibonacciResult.lisp, /home/ola/rostut_wss/simple_ws/devel/share/common-lisp/ros/actionlib_tutorials/msg/_package_FibonacciResult.lisp)
Linked: (/home/ola/rostut_wss/simple_ws/devel/.private/actionlib_tutorials/share/common-lisp/ros/actionlib_tutorials/msg/FibonacciActionGoal.lisp, /home/ola/rostut_wss/simple_ws/devel/share/common-lisp/ros/actionlib_tutorials/msg/FibonacciActionGoal.lisp)
Linked: (/home/ola/rostut_wss/simple_ws/devel/.private/actionlib_tutorials/share/common-lisp/ros/actionlib_tutorials/msg/_package_FibonacciGoal.lisp, /home/ola/rostut_wss/simple_ws/devel/share/common-lisp/ros/actionlib_tutorials/msg/_package_FibonacciGoal.lisp)
