[35m[1mScanning dependencies of target _actionlib_tutorials_generate_messages_check_deps_FibonacciActionResult[0m
[35m[1mScanning dependencies of target _actionlib_tutorials_generate_messages_check_deps_FibonacciActionGoal[0m
[35m[1mScanning dependencies of target _actionlib_tutorials_generate_messages_check_deps_FibonacciFeedback[0m
[35m[1mScanning dependencies of target actionlib_msgs_generate_messages_eus[0m
[  0%] Built target actionlib_msgs_generate_messages_eus
[35m[1mScanning dependencies of target _actionlib_tutorials_generate_messages_check_deps_FibonacciGoal[0m
[  0%] Built target _actionlib_tutorials_generate_messages_check_deps_FibonacciActionGoal
[  0%] Built target _actionlib_tutorials_generate_messages_check_deps_FibonacciFeedback
[  0%] Built target _actionlib_tutorials_generate_messages_check_deps_FibonacciActionResult
[35m[1mScanning dependencies of target _actionlib_tutorials_generate_messages_check_deps_FibonacciActionFeedback[0m
[35m[1mScanning dependencies of target _actionlib_tutorials_generate_messages_check_deps_FibonacciResult[0m
[35m[1mScanning dependencies of target _actionlib_tutorials_generate_messages_check_deps_FibonacciAction[0m
[  0%] Built target _actionlib_tutorials_generate_messages_check_deps_FibonacciGoal
[35m[1mScanning dependencies of target std_msgs_generate_messages_eus[0m
[  0%] Built target _actionlib_tutorials_generate_messages_check_deps_FibonacciResult
[  0%] Built target std_msgs_generate_messages_eus
[  0%] Built target _actionlib_tutorials_generate_messages_check_deps_FibonacciAction
[  0%] Built target _actionlib_tutorials_generate_messages_check_deps_FibonacciActionFeedback
[35m[1mScanning dependencies of target std_msgs_generate_messages_nodejs[0m
[35m[1mScanning dependencies of target actionlib_msgs_generate_messages_nodejs[0m
[35m[1mScanning dependencies of target actionlib_msgs_generate_messages_py[0m
[  0%] Built target std_msgs_generate_messages_nodejs
[35m[1mScanning dependencies of target std_msgs_generate_messages_py[0m
[  0%] Built target actionlib_msgs_generate_messages_nodejs
[  0%] Built target actionlib_msgs_generate_messages_py
[35m[1mScanning dependencies of target actionlib_msgs_generate_messages_lisp[0m
[  0%] Built target std_msgs_generate_messages_py
[35m[1mScanning dependencies of target std_msgs_generate_messages_lisp[0m
[35m[1mScanning dependencies of target std_msgs_generate_messages_cpp[0m
[  0%] Built target actionlib_msgs_generate_messages_lisp
[35m[1mScanning dependencies of target actionlib_msgs_generate_messages_cpp[0m
[  0%] Built target std_msgs_generate_messages_lisp
[  0%] Built target std_msgs_generate_messages_cpp
[35m[1mScanning dependencies of target actionlib_tutorials_generate_messages_eus[0m
[  0%] Built target actionlib_msgs_generate_messages_cpp
[35m[1mScanning dependencies of target actionlib_tutorials_generate_messages_nodejs[0m
[35m[1mScanning dependencies of target actionlib_tutorials_generate_messages_py[0m
[  2%] [34m[1mGenerating EusLisp code from actionlib_tutorials/FibonacciActionGoal.msg[0m
[35m[1mScanning dependencies of target actionlib_tutorials_generate_messages_lisp[0m
[  5%] [34m[1mGenerating Javascript code from actionlib_tutorials/FibonacciActionGoal.msg[0m
[  8%] [34m[1mGenerating Python from MSG actionlib_tutorials/FibonacciActionGoal[0m
[ 10%] [34m[1mGenerating Lisp code from actionlib_tutorials/FibonacciActionGoal.msg[0m
[ 13%] [34m[1mGenerating Javascript code from actionlib_tutorials/FibonacciResult.msg[0m
[ 18%] [34m[1mGenerating Lisp code from actionlib_tutorials/FibonacciResult.msg[0m
[ 18%] [34m[1mGenerating EusLisp code from actionlib_tutorials/FibonacciResult.msg[0m
[ 21%] [34m[1mGenerating Javascript code from actionlib_tutorials/FibonacciAction.msg[0m
[ 24%] [34m[1mGenerating Lisp code from actionlib_tutorials/FibonacciAction.msg[0m
[ 27%] [34m[1mGenerating Python from MSG actionlib_tutorials/FibonacciResult[0m
[ 29%] [34m[1mGenerating EusLisp code from actionlib_tutorials/FibonacciAction.msg[0m
[ 32%] [34m[1mGenerating Javascript code from actionlib_tutorials/FibonacciActionFeedback.msg[0m
[ 35%] [34m[1mGenerating Lisp code from actionlib_tutorials/FibonacciActionFeedback.msg[0m
[ 37%] [34m[1mGenerating EusLisp code from actionlib_tutorials/FibonacciActionFeedback.msg[0m
[ 40%] [34m[1mGenerating Javascript code from actionlib_tutorials/FibonacciFeedback.msg[0m
[ 43%] [34m[1mGenerating Lisp code from actionlib_tutorials/FibonacciFeedback.msg[0m
[ 45%] [34m[1mGenerating Python from MSG actionlib_tutorials/FibonacciAction[0m
[ 48%] [34m[1mGenerating Javascript code from actionlib_tutorials/FibonacciActionResult.msg[0m
[ 54%] [34m[1mGenerating EusLisp code from actionlib_tutorials/FibonacciFeedback.msg[0m
[ 54%] [34m[1mGenerating Lisp code from actionlib_tutorials/FibonacciActionResult.msg[0m
[ 56%] [34m[1mGenerating Javascript code from actionlib_tutorials/FibonacciGoal.msg[0m
[ 59%] [34m[1mGenerating Lisp code from actionlib_tutorials/FibonacciGoal.msg[0m
[ 62%] [34m[1mGenerating EusLisp code from actionlib_tutorials/FibonacciActionResult.msg[0m
[ 62%] Built target actionlib_tutorials_generate_messages_nodejs
[ 64%] [34m[1mGenerating Python from MSG actionlib_tutorials/FibonacciActionFeedback[0m
[35m[1mScanning dependencies of target actionlib_tutorials_generate_messages_cpp[0m
[ 64%] Built target actionlib_tutorials_generate_messages_lisp
[ 67%] [34m[1mGenerating C++ code from actionlib_tutorials/FibonacciActionGoal.msg[0m
[ 70%] [34m[1mGenerating Python from MSG actionlib_tutorials/FibonacciFeedback[0m
[ 72%] [34m[1mGenerating EusLisp code from actionlib_tutorials/FibonacciGoal.msg[0m
[ 75%] [34m[1mGenerating EusLisp manifest code for actionlib_tutorials[0m
[ 78%] [34m[1mGenerating C++ code from actionlib_tutorials/FibonacciResult.msg[0m
[ 81%] [34m[1mGenerating Python from MSG actionlib_tutorials/FibonacciActionResult[0m
[ 83%] [34m[1mGenerating C++ code from actionlib_tutorials/FibonacciAction.msg[0m
[ 86%] [34m[1mGenerating Python from MSG actionlib_tutorials/FibonacciGoal[0m
[ 89%] [34m[1mGenerating C++ code from actionlib_tutorials/FibonacciActionFeedback.msg[0m
[ 91%] [34m[1mGenerating C++ code from actionlib_tutorials/FibonacciFeedback.msg[0m
[ 94%] [34m[1mGenerating Python msg __init__.py for actionlib_tutorials[0m
[ 97%] [34m[1mGenerating C++ code from actionlib_tutorials/FibonacciActionResult.msg[0m
[ 97%] Built target actionlib_tutorials_generate_messages_py
[100%] [34m[1mGenerating C++ code from actionlib_tutorials/FibonacciGoal.msg[0m
[100%] Built target actionlib_tutorials_generate_messages_cpp
[100%] Built target actionlib_tutorials_generate_messages_eus
[35m[1mScanning dependencies of target actionlib_tutorials_generate_messages[0m
[100%] Built target actionlib_tutorials_generate_messages
