Symlinking /home/ola/rostut_wss/simple_ws/devel/include/actionlib_tutorials/FibonacciActionFeedback.h
Symlinking /home/ola/rostut_wss/simple_ws/devel/include/actionlib_tutorials/FibonacciFeedback.h
Symlinking /home/ola/rostut_wss/simple_ws/devel/include/actionlib_tutorials/FibonacciActionGoal.h
Symlinking /home/ola/rostut_wss/simple_ws/devel/include/actionlib_tutorials/FibonacciAction.h
Symlinking /home/ola/rostut_wss/simple_ws/devel/include/actionlib_tutorials/FibonacciActionResult.h
Symlinking /home/ola/rostut_wss/simple_ws/devel/include/actionlib_tutorials/FibonacciGoal.h
Symlinking /home/ola/rostut_wss/simple_ws/devel/include/actionlib_tutorials/FibonacciResult.h
Symlinking /home/ola/rostut_wss/simple_ws/devel/lib/pkgconfig/actionlib_tutorials.pc
Symlinking /home/ola/rostut_wss/simple_ws/devel/lib/python2.7/dist-packages/actionlib_tutorials/__init__.py
Symlinking /home/ola/rostut_wss/simple_ws/devel/lib/python2.7/dist-packages/actionlib_tutorials/msg/_FibonacciActionResult.py
Symlinking /home/ola/rostut_wss/simple_ws/devel/lib/python2.7/dist-packages/actionlib_tutorials/msg/_FibonacciActionFeedback.py
Symlinking /home/ola/rostut_wss/simple_ws/devel/lib/python2.7/dist-packages/actionlib_tutorials/msg/_FibonacciFeedback.py
Symlinking /home/ola/rostut_wss/simple_ws/devel/lib/python2.7/dist-packages/actionlib_tutorials/msg/_FibonacciAction.py
Symlinking /home/ola/rostut_wss/simple_ws/devel/lib/python2.7/dist-packages/actionlib_tutorials/msg/_FibonacciResult.py
Symlinking /home/ola/rostut_wss/simple_ws/devel/lib/python2.7/dist-packages/actionlib_tutorials/msg/_FibonacciGoal.py
Symlinking /home/ola/rostut_wss/simple_ws/devel/lib/python2.7/dist-packages/actionlib_tutorials/msg/_FibonacciActionGoal.py
Symlinking /home/ola/rostut_wss/simple_ws/devel/lib/python2.7/dist-packages/actionlib_tutorials/msg/__init__.py
Symlinking /home/ola/rostut_wss/simple_ws/devel/share/actionlib_tutorials/msg/FibonacciActionFeedback.msg
Symlinking /home/ola/rostut_wss/simple_ws/devel/share/actionlib_tutorials/msg/FibonacciAction.msg
Symlinking /home/ola/rostut_wss/simple_ws/devel/share/actionlib_tutorials/msg/FibonacciFeedback.msg
Symlinking /home/ola/rostut_wss/simple_ws/devel/share/actionlib_tutorials/msg/FibonacciResult.msg
Symlinking /home/ola/rostut_wss/simple_ws/devel/share/actionlib_tutorials/msg/FibonacciGoal.msg
Symlinking /home/ola/rostut_wss/simple_ws/devel/share/actionlib_tutorials/msg/FibonacciActionGoal.msg
Symlinking /home/ola/rostut_wss/simple_ws/devel/share/actionlib_tutorials/msg/FibonacciActionResult.msg
Symlinking /home/ola/rostut_wss/simple_ws/devel/share/actionlib_tutorials/cmake/actionlib_tutorials-msg-paths.cmake
Symlinking /home/ola/rostut_wss/simple_ws/devel/share/actionlib_tutorials/cmake/actionlib_tutorialsConfig.cmake
Symlinking /home/ola/rostut_wss/simple_ws/devel/share/actionlib_tutorials/cmake/actionlib_tutorialsConfig-version.cmake
Symlinking /home/ola/rostut_wss/simple_ws/devel/share/actionlib_tutorials/cmake/actionlib_tutorials-msg-extras.cmake
Symlinking /home/ola/rostut_wss/simple_ws/devel/share/roseus/ros/actionlib_tutorials/manifest.l
Symlinking /home/ola/rostut_wss/simple_ws/devel/share/roseus/ros/actionlib_tutorials/msg/FibonacciActionResult.l
Symlinking /home/ola/rostut_wss/simple_ws/devel/share/roseus/ros/actionlib_tutorials/msg/FibonacciResult.l
Symlinking /home/ola/rostut_wss/simple_ws/devel/share/roseus/ros/actionlib_tutorials/msg/FibonacciActionFeedback.l
Symlinking /home/ola/rostut_wss/simple_ws/devel/share/roseus/ros/actionlib_tutorials/msg/FibonacciAction.l
Symlinking /home/ola/rostut_wss/simple_ws/devel/share/roseus/ros/actionlib_tutorials/msg/FibonacciGoal.l
Symlinking /home/ola/rostut_wss/simple_ws/devel/share/roseus/ros/actionlib_tutorials/msg/FibonacciActionGoal.l
Symlinking /home/ola/rostut_wss/simple_ws/devel/share/roseus/ros/actionlib_tutorials/msg/FibonacciFeedback.l
Symlinking /home/ola/rostut_wss/simple_ws/devel/share/gennodejs/ros/actionlib_tutorials/_index.js
Symlinking /home/ola/rostut_wss/simple_ws/devel/share/gennodejs/ros/actionlib_tutorials/msg/FibonacciResult.js
Symlinking /home/ola/rostut_wss/simple_ws/devel/share/gennodejs/ros/actionlib_tutorials/msg/FibonacciAction.js
Symlinking /home/ola/rostut_wss/simple_ws/devel/share/gennodejs/ros/actionlib_tutorials/msg/FibonacciActionFeedback.js
Symlinking /home/ola/rostut_wss/simple_ws/devel/share/gennodejs/ros/actionlib_tutorials/msg/FibonacciActionGoal.js
Symlinking /home/ola/rostut_wss/simple_ws/devel/share/gennodejs/ros/actionlib_tutorials/msg/FibonacciActionResult.js
Symlinking /home/ola/rostut_wss/simple_ws/devel/share/gennodejs/ros/actionlib_tutorials/msg/FibonacciGoal.js
Symlinking /home/ola/rostut_wss/simple_ws/devel/share/gennodejs/ros/actionlib_tutorials/msg/FibonacciFeedback.js
Symlinking /home/ola/rostut_wss/simple_ws/devel/share/gennodejs/ros/actionlib_tutorials/msg/_index.js
Symlinking /home/ola/rostut_wss/simple_ws/devel/share/common-lisp/ros/actionlib_tutorials/msg/_package.lisp
Symlinking /home/ola/rostut_wss/simple_ws/devel/share/common-lisp/ros/actionlib_tutorials/msg/actionlib_tutorials-msg.asd
Symlinking /home/ola/rostut_wss/simple_ws/devel/share/common-lisp/ros/actionlib_tutorials/msg/FibonacciGoal.lisp
Symlinking /home/ola/rostut_wss/simple_ws/devel/share/common-lisp/ros/actionlib_tutorials/msg/_package_FibonacciFeedback.lisp
Symlinking /home/ola/rostut_wss/simple_ws/devel/share/common-lisp/ros/actionlib_tutorials/msg/FibonacciActionFeedback.lisp
Symlinking /home/ola/rostut_wss/simple_ws/devel/share/common-lisp/ros/actionlib_tutorials/msg/_package_FibonacciActionFeedback.lisp
Symlinking /home/ola/rostut_wss/simple_ws/devel/share/common-lisp/ros/actionlib_tutorials/msg/_package_FibonacciActionResult.lisp
Symlinking /home/ola/rostut_wss/simple_ws/devel/share/common-lisp/ros/actionlib_tutorials/msg/FibonacciFeedback.lisp
Symlinking /home/ola/rostut_wss/simple_ws/devel/share/common-lisp/ros/actionlib_tutorials/msg/_package_FibonacciAction.lisp
Symlinking /home/ola/rostut_wss/simple_ws/devel/share/common-lisp/ros/actionlib_tutorials/msg/FibonacciAction.lisp
Symlinking /home/ola/rostut_wss/simple_ws/devel/share/common-lisp/ros/actionlib_tutorials/msg/FibonacciActionResult.lisp
Symlinking /home/ola/rostut_wss/simple_ws/devel/share/common-lisp/ros/actionlib_tutorials/msg/FibonacciResult.lisp
Symlinking /home/ola/rostut_wss/simple_ws/devel/share/common-lisp/ros/actionlib_tutorials/msg/_package_FibonacciActionGoal.lisp
Symlinking /home/ola/rostut_wss/simple_ws/devel/share/common-lisp/ros/actionlib_tutorials/msg/_package_FibonacciResult.lisp
Symlinking /home/ola/rostut_wss/simple_ws/devel/share/common-lisp/ros/actionlib_tutorials/msg/FibonacciActionGoal.lisp
Symlinking /home/ola/rostut_wss/simple_ws/devel/share/common-lisp/ros/actionlib_tutorials/msg/_package_FibonacciGoal.lisp
