Determining if the pthread_create exist failed with the following output:
Change Dir: /home/ola/rostut_wss/simple_ws/build/actionlib_tutorials/CMakeFiles/CMakeTmp

Run Build Command:"/usr/bin/make" "cmTC_70afc/fast"
/usr/bin/make -f CMakeFiles/cmTC_70afc.dir/build.make CMakeFiles/cmTC_70afc.dir/build
make[1]: Entering directory '/home/ola/rostut_wss/simple_ws/build/actionlib_tutorials/CMakeFiles/CMakeTmp'
Building C object CMakeFiles/cmTC_70afc.dir/CheckSymbolExists.c.o
/usr/bin/cc     -o CMakeFiles/cmTC_70afc.dir/CheckSymbolExists.c.o   -c /home/ola/rostut_wss/simple_ws/build/actionlib_tutorials/CMakeFiles/CMakeTmp/CheckSymbolExists.c
Linking C executable cmTC_70afc
/usr/bin/cmake -E cmake_link_script CMakeFiles/cmTC_70afc.dir/link.txt --verbose=1
/usr/bin/cc       CMakeFiles/cmTC_70afc.dir/CheckSymbolExists.c.o  -o cmTC_70afc -rdynamic 
CMakeFiles/cmTC_70afc.dir/CheckSymbolExists.c.o: In function `main':
CheckSymbolExists.c:(.text+0x16): undefined reference to `pthread_create'
collect2: error: ld returned 1 exit status
CMakeFiles/cmTC_70afc.dir/build.make:97: recipe for target 'cmTC_70afc' failed
make[1]: *** [cmTC_70afc] Error 1
make[1]: Leaving directory '/home/ola/rostut_wss/simple_ws/build/actionlib_tutorials/CMakeFiles/CMakeTmp'
Makefile:126: recipe for target 'cmTC_70afc/fast' failed
make: *** [cmTC_70afc/fast] Error 2

File /home/ola/rostut_wss/simple_ws/build/actionlib_tutorials/CMakeFiles/CMakeTmp/CheckSymbolExists.c:
/* */
#include <pthread.h>

int main(int argc, char** argv)
{
  (void)argv;
#ifndef pthread_create
  return ((int*)(&pthread_create))[argc];
#else
  (void)argc;
  return 0;
#endif
}

Determining if the function pthread_create exists in the pthreads failed with the following output:
Change Dir: /home/ola/rostut_wss/simple_ws/build/actionlib_tutorials/CMakeFiles/CMakeTmp

Run Build Command:"/usr/bin/make" "cmTC_9025a/fast"
/usr/bin/make -f CMakeFiles/cmTC_9025a.dir/build.make CMakeFiles/cmTC_9025a.dir/build
make[1]: Entering directory '/home/ola/rostut_wss/simple_ws/build/actionlib_tutorials/CMakeFiles/CMakeTmp'
Building C object CMakeFiles/cmTC_9025a.dir/CheckFunctionExists.c.o
/usr/bin/cc    -DCHECK_FUNCTION_EXISTS=pthread_create   -o CMakeFiles/cmTC_9025a.dir/CheckFunctionExists.c.o   -c /usr/share/cmake-3.5/Modules/CheckFunctionExists.c
Linking C executable cmTC_9025a
/usr/bin/cmake -E cmake_link_script CMakeFiles/cmTC_9025a.dir/link.txt --verbose=1
/usr/bin/cc   -DCHECK_FUNCTION_EXISTS=pthread_create    CMakeFiles/cmTC_9025a.dir/CheckFunctionExists.c.o  -o cmTC_9025a -rdynamic -lpthreads 
/usr/bin/ld: cannot find -lpthreads
collect2: error: ld returned 1 exit status
CMakeFiles/cmTC_9025a.dir/build.make:97: recipe for target 'cmTC_9025a' failed
make[1]: *** [cmTC_9025a] Error 1
make[1]: Leaving directory '/home/ola/rostut_wss/simple_ws/build/actionlib_tutorials/CMakeFiles/CMakeTmp'
Makefile:126: recipe for target 'cmTC_9025a/fast' failed
make: *** [cmTC_9025a/fast] Error 2


